[LOG] System::create                           : Header version = 2.01.05. Current version = 2.01.05.
[LOG] Manager::init                            : maxchannels = 256 studioflags = 00000006 flags 00000000 extradriverdata 0000000000000000.
[LOG] SystemI::init                            : Initialize version=20105 (112138), maxchannels=256, flags=0x00020000
[LOG] SystemI::setOutputInternal               : Setting output to 'FMOD WASAPI Output'
[LOG] OutputWASAPI::init                       : Mix Format (WAVEFORMATEX): wFormatTag=0xFFFE, nChannels=2, nSamplesPerSec=48000, nAvgBytesPerSec=384000, nBlockAlign=8, wBitsPerSample=32, cbSize=22.
[LOG] OutputWASAPI::init                       : Mix Format (WAVEFORMATEXTENSIBLE): wValidBitsPerSample=32, dwChannelMask=0x00000003, SubFormat=00000003-0000-0010-8000-00AA00389B71.
[LOG] OutputWASAPI::init                       : Output buffer size: 4096 samples, latency: 0.00ms, period: 10.00ms, DSP buffer: 1024 * 4
[LOG] Thread::initThread                       : Init FMOD stream thread. Affinity: 0x8000000000000003, Priority: 0xFFFF7FFB, Stack Size: 98304, Semaphore: No, Sleep Time: 10, Looping: Yes.
[LOG] Thread::initThread                       : Init FMOD mixer thread. Affinity: 0x8000000000000001, Priority: 0xFFFF7FFA, Stack Size: 81920, Semaphore: No, Sleep Time: 0, Looping: Yes.
[LOG] AsyncManager::init                       : manager 0000018730F89178 isAsync 0 updatePeriod 0.02
[LOG] AsyncManager::init                       : done
[LOG] PlaybackSystem::init                     : 
[LOG] Thread::initThread                       : Init FMOD Studio sample load thread. Affinity: 0x8000000000000003, Priority: 0xFFFF7FFD, Stack Size: 98304, Semaphore: No, Sleep Time: 1, Looping: No.
[LOG] PlaybackSystem::init                     : done
[LOG] Thread::initThread                       : Init FMOD Studio bank load thread. Affinity: 0x8000000000000003, Priority: 0xFFFF7FFD, Stack Size: 98304, Semaphore: No, Sleep Time: 1, Looping: No.
[LOG] Manager::init                            : done.
[LOG] Manager::readBank                        : fileversion = 135, compatVersion = 132 (oldest = 44, newest = 135)
[LOG] Manager::readBank                        : fileversion = 135, compatVersion = 132 (oldest = 44, newest = 135)
[WRN] FMOD_OS_Net_Listen                       : Cannot listen for connections, port 9264 is currently in use.
[WRN] FMOD_OS_Net_Listen                       : Cannot listen for connections, port 9264 is currently in use.
[WRN] FMOD_OS_Net_Listen                       : Cannot listen for connections, port 9264 is currently in use.
[WRN] FMOD_OS_Net_Listen                       : Cannot listen for connections, port 9264 is currently in use.
[WRN] FMOD_OS_Net_Listen                       : Cannot listen for connections, port 9264 is currently in use.
[WRN] FMOD_OS_Net_Listen                       : Cannot listen for connections, port 9264 is currently in use.
[WRN] FMOD_OS_Net_Listen                       : Cannot listen for connections, port 9264 is currently in use.
[WRN] FMOD_OS_Net_Listen                       : Cannot listen for connections, port 9264 is currently in use.
[WRN] FMOD_OS_Net_Listen                       : Cannot listen for connections, port 9264 is currently in use.
[WRN] FMOD_OS_Net_Listen                       : Cannot listen for connections, port 9264 is currently in use.
[WRN] FMOD_OS_Net_Listen                       : Cannot listen for connections, port 9264 is currently in use.
[WRN] FMOD_OS_Net_Listen                       : Cannot listen for connections, port 9264 is currently in use.
[LOG] SystemI::createSound                     : filename = FModProject\scriptures\Build\Desktop/Master.bank : mode 02010082
[LOG] SystemI::createSound                     : FMOD_NONBLOCKING specified.  Putting into queue to be opened asynchronously!
[LOG] SystemI::createSound                     : setdata soundi = 0000018758A9D048 : node = 000001877E736FB0
[LOG] SystemI::createSound                     : add node to async list : head = 000001862FD7DC08.  list count = 0
[LOG] AsyncThread::threadFunc                  : Starting Asynchronous operation on sound 0000018758A9D048
[LOG] SystemI::createSoundInternal             :     Create name='FModProject\scriptures\Build\Desktop/Master.bank', mode=0x02010082
[LOG] SystemI::createSoundInternal             :     exinfo->cbsize             = 224
[LOG] SystemI::createSoundInternal             :     exinfo->length             = 3633440
[LOG] SystemI::createSoundInternal             :     exinfo->fileoffset         = 19840
[LOG] SystemI::createSoundInternal             :     exinfo->numsubsounds       = 1
[LOG] SystemI::createSoundInternal             :     exinfo->inclusionlist      = 000001877E7370C0
[LOG] SystemI::createSoundInternal             :     exinfo->inclusionlistnum   = 1
[LOG] SystemI::createSoundInternal             :     exinfo->suggestedsoundtype = 5
[LOG] SystemI::createSoundInternal             :     exinfo->initialseekposition = 779
[LOG] SystemI::createSoundInternal             :     exinfo->initialseekpostype = 1
[LOG] SystemI::createSound                     :     filename = FModProject\scriptures\Build\Desktop/Master.bank : mode 02010082
[LOG] SystemI::createSound                     :     FMOD_NONBLOCKING specified.  Putting into queue to be opened asynchronously!
[LOG] SystemI::createSound                     :     setdata soundi = 0000018758A9BF68 : node = 000001877E7370F0
[LOG] SystemI::createSound                     :     add node to async list : head = 000001862FD7DC08.  list count = 0
[LOG] SystemI::createSoundInternal             :     Stream 0/1: name='Theme of Persephone mix2', format=5, channels=2, frequency=48000, lengthbytes=747296, lengthpcm=3029611, pcmblocksize=0, loopstart=0, loopend=0, mode=0x00000000, channelmask=0x00000000, channelorder=0, peakvolume=0.133423.
[LOG] AsyncThread::threadFunc                  : Finished Asynchronous operation on sound 0000018758A9D048
[LOG] AsyncThread::threadFunc                  : Starting Asynchronous operation on sound 0000018758A9BF68
[LOG] SystemI::createSoundInternal             :     Create name='FModProject\scriptures\Build\Desktop/Master.bank', mode=0x02010082
[LOG] SystemI::createSoundInternal             :     exinfo->cbsize             = 224
[LOG] SystemI::createSoundInternal             :     exinfo->length             = 3633440
[LOG] SystemI::createSoundInternal             :     exinfo->fileoffset         = 19840
[LOG] SystemI::createSoundInternal             :     exinfo->numsubsounds       = 1
[LOG] SystemI::createSoundInternal             :     exinfo->inclusionlist      = 000001877E737200
[LOG] SystemI::createSoundInternal             :     exinfo->inclusionlistnum   = 1
[LOG] SystemI::createSoundInternal             :     exinfo->suggestedsoundtype = 5
[LOG] SystemI::createSoundInternal             :     exinfo->initialseekposition = 1558
[LOG] SystemI::createSoundInternal             :     exinfo->initialseekpostype = 1
[LOG] SystemI::createSoundInternal             :     Stream 0/1: name='Underworld Demo1', format=5, channels=2, frequency=48000, lengthbytes=737088, lengthpcm=3141819, pcmblocksize=0, loopstart=0, loopend=0, mode=0x00000000, channelmask=0x00000000, channelorder=0, peakvolume=0.152100.
[LOG] AsyncThread::threadFunc                  : Finished Asynchronous operation on sound 0000018758A9BF68
[LOG] SoundI::release                          : Theme of Persephone mix2 (0000018682BC50F8)
[LOG] SoundI::release                          :     Theme of Persephone mix2 (000001875B5B0C38)
[LOG] SoundI::release                          :     Theme of Persephone mix2 (00000186236F8208)
[LOG] SoundI::release                          : Underworld Demo1 (00000186830786C8)
[LOG] SoundI::release                          :     Underworld Demo1 (000001875B5B0418)
[LOG] SoundI::release                          :     Underworld Demo1 (00000186236F7CF8)
[WRN] FMOD_OS_Net_Listen                       : Cannot listen for connections, port 9264 is currently in use.
[WRN] FMOD_OS_Net_Listen                       : Cannot listen for connections, port 9264 is currently in use.
[WRN] FMOD_OS_Net_Listen                       : Cannot listen for connections, port 9264 is currently in use.
[WRN] FMOD_OS_Net_Listen                       : Cannot listen for connections, port 9264 is currently in use.
[WRN] FMOD_OS_Net_Listen                       : Cannot listen for connections, port 9264 is currently in use.
[WRN] FMOD_OS_Net_Listen                       : Cannot listen for connections, port 9264 is currently in use.
[WRN] FMOD_OS_Net_Listen                       : Cannot listen for connections, port 9264 is currently in use.
[WRN] FMOD_OS_Net_Listen                       : Cannot listen for connections, port 9264 is currently in use.
[WRN] FMOD_OS_Net_Listen                       : Cannot listen for connections, port 9264 is currently in use.
[WRN] FMOD_OS_Net_Listen                       : Cannot listen for connections, port 9264 is currently in use.
[WRN] FMOD_OS_Net_Listen                       : Cannot listen for connections, port 9264 is currently in use.
[WRN] FMOD_OS_Net_Listen                       : Cannot listen for connections, port 9264 is currently in use.
[WRN] FMOD_OS_Net_Listen                       : Cannot listen for connections, port 9264 is currently in use.
[LOG] SystemI::createSound                     : filename = FModProject\scriptures\Build\Desktop/Master.bank : mode 02010082
[LOG] SystemI::createSound                     : FMOD_NONBLOCKING specified.  Putting into queue to be opened asynchronously!
[LOG] SystemI::createSound                     : setdata soundi = 0000018758A9D8B8 : node = 000001877E737FF0
[LOG] SystemI::createSound                     : add node to async list : head = 000001862FD7DC08.  list count = 0
[LOG] SystemI::createSound                     : filename = FModProject\scriptures\Build\Desktop/Master.bank : mode 02010082
[LOG] SystemI::createSound                     : FMOD_NONBLOCKING specified.  Putting into queue to be opened asynchronously!
[LOG] AsyncThread::threadFunc                  : Starting Asynchronous operation on sound 0000018758A9D8B8
[LOG] SystemI::createSound                     : setdata soundi = 0000018758A9C988 : node = 000001877E736AB0
[LOG] SystemI::createSoundInternal             :     Create name='FModProject\scriptures\Build\Desktop/Master.bank', mode=0x02010082
[LOG] SystemI::createSound                     :     add node to async list : head = 000001862FD7DC08.  list count = 0
[LOG] SystemI::createSoundInternal             :     exinfo->cbsize             = 224
[LOG] SystemI::createSoundInternal             :     exinfo->length             = 3633440
[LOG] SystemI::createSoundInternal             :     exinfo->fileoffset         = 19840
[LOG] SystemI::createSoundInternal             :     exinfo->numsubsounds       = 1
[LOG] SystemI::createSoundInternal             :     exinfo->inclusionlist      = 000001877E738100
[LOG] SystemI::createSoundInternal             :     exinfo->inclusionlistnum   = 1
[LOG] SystemI::createSoundInternal             :     exinfo->suggestedsoundtype = 5
[LOG] SystemI::createSoundInternal             :     exinfo->initialseekposition = 779
[LOG] SystemI::createSoundInternal             :     exinfo->initialseekpostype = 1
[LOG] SystemI::createSoundInternal             :     Stream 0/1: name='Theme of Persephone mix2', format=5, channels=2, frequency=48000, lengthbytes=747296, lengthpcm=3029611, pcmblocksize=0, loopstart=0, loopend=0, mode=0x00000000, channelmask=0x00000000, channelorder=0, peakvolume=0.133423.
[LOG] AsyncThread::threadFunc                  : Finished Asynchronous operation on sound 0000018758A9D8B8
[LOG] AsyncThread::threadFunc                  : Starting Asynchronous operation on sound 0000018758A9C988
[LOG] SystemI::createSoundInternal             :     Create name='FModProject\scriptures\Build\Desktop/Master.bank', mode=0x02010082
[LOG] SystemI::createSoundInternal             :     exinfo->cbsize             = 224
[LOG] SystemI::createSoundInternal             :     exinfo->length             = 3633440
[LOG] SystemI::createSoundInternal             :     exinfo->fileoffset         = 19840
[LOG] SystemI::createSoundInternal             :     exinfo->numsubsounds       = 1
[LOG] SystemI::createSoundInternal             :     exinfo->inclusionlist      = 000001877E736BC0
[LOG] SystemI::createSoundInternal             :     exinfo->inclusionlistnum   = 1
[LOG] SystemI::createSoundInternal             :     exinfo->suggestedsoundtype = 5
[LOG] SystemI::createSoundInternal             :     exinfo->initialseekposition = 1558
[LOG] SystemI::createSoundInternal             :     exinfo->initialseekpostype = 1
[LOG] SystemI::createSoundInternal             :     Stream 0/1: name='Underworld Demo1', format=5, channels=2, frequency=48000, lengthbytes=737088, lengthpcm=3141819, pcmblocksize=0, loopstart=0, loopend=0, mode=0x00000000, channelmask=0x00000000, channelorder=0, peakvolume=0.152100.
[LOG] AsyncThread::threadFunc                  : Finished Asynchronous operation on sound 0000018758A9C988
[LOG] SoundI::release                          : Underworld Demo1 (0000018758A9BF68)
[LOG] SoundI::release                          :     Underworld Demo1 (000001875B5C45D8)
[LOG] SoundI::release                          :     Underworld Demo1 (000001862193C0A8)
[LOG] SoundI::release                          : Theme of Persephone mix2 (0000018758A9D048)
[LOG] SoundI::release                          :     Theme of Persephone mix2 (000001875B5C0678)
[LOG] SoundI::release                          :     Theme of Persephone mix2 (000001862193BEF8)
[WRN] FMOD_OS_Net_Listen                       : Cannot listen for connections, port 9264 is currently in use.
[WRN] FMOD_OS_Net_Listen                       : Cannot listen for connections, port 9264 is currently in use.
[WRN] FMOD_OS_Net_Listen                       : Cannot listen for connections, port 9264 is currently in use.
[WRN] FMOD_OS_Net_Listen                       : Cannot listen for connections, port 9264 is currently in use.
[WRN] FMOD_OS_Net_Listen                       : Cannot listen for connections, port 9264 is currently in use.
[WRN] FMOD_OS_Net_Listen                       : Cannot listen for connections, port 9264 is currently in use.
[WRN] FMOD_OS_Net_Listen                       : Cannot listen for connections, port 9264 is currently in use.
[WRN] FMOD_OS_Net_Listen                       : Cannot listen for connections, port 9264 is currently in use.
[WRN] FMOD_OS_Net_Listen                       : Cannot listen for connections, port 9264 is currently in use.
[WRN] FMOD_OS_Net_Listen                       : Cannot listen for connections, port 9264 is currently in use.
[WRN] FMOD_OS_Net_Listen                       : Cannot listen for connections, port 9264 is currently in use.
[WRN] FMOD_OS_Net_Listen                       : Cannot listen for connections, port 9264 is currently in use.
[LOG] SystemI::createSound                     : filename = FModProject\scriptures\Build\Desktop/Master.bank : mode 02010082
[LOG] SystemI::createSound                     : FMOD_NONBLOCKING specified.  Putting into queue to be opened asynchronously!
[LOG] SystemI::createSound                     : setdata soundi = 000001875B4DC768 : node = 0000018622E64D50
[LOG] SystemI::createSound                     : add node to async list : head = 000001862FD7DC08.  list count = 0
[LOG] SystemI::createSound                     : filename = FModProject\scriptures\Build\Desktop/Master.bank : mode 02010082
[LOG] SystemI::createSound                     : FMOD_NONBLOCKING specified.  Putting into queue to be opened asynchronously!
[LOG] AsyncThread::threadFunc                  : Starting Asynchronous operation on sound 000001875B4DC768
[LOG] SystemI::createSound                     : setdata soundi = 000001875B4DD338 : node = 0000018622E645D0
[LOG] SystemI::createSoundInternal             :     Create name='FModProject\scriptures\Build\Desktop/Master.bank', mode=0x02010082
[LOG] SystemI::createSound                     :     add node to async list : head = 000001862FD7DC08.  list count = 0
[LOG] SystemI::createSoundInternal             :     exinfo->cbsize             = 224
[LOG] SystemI::createSoundInternal             :     exinfo->length             = 3633440
[LOG] SystemI::createSoundInternal             :     exinfo->fileoffset         = 19840
[LOG] SystemI::createSoundInternal             :     exinfo->numsubsounds       = 1
[LOG] SystemI::createSoundInternal             :     exinfo->inclusionlist      = 0000018622E64E60
[LOG] SystemI::createSoundInternal             :     exinfo->inclusionlistnum   = 1
[LOG] SystemI::createSoundInternal             :     exinfo->suggestedsoundtype = 5
[LOG] SystemI::createSoundInternal             :     exinfo->initialseekposition = 779
[LOG] SystemI::createSoundInternal             :     exinfo->initialseekpostype = 1
[LOG] SystemI::createSoundInternal             :     Stream 0/1: name='Theme of Persephone mix2', format=5, channels=2, frequency=48000, lengthbytes=747296, lengthpcm=3029611, pcmblocksize=0, loopstart=0, loopend=0, mode=0x00000000, channelmask=0x00000000, channelorder=0, peakvolume=0.133423.
[LOG] AsyncThread::threadFunc                  : Finished Asynchronous operation on sound 000001875B4DC768
[LOG] AsyncThread::threadFunc                  : Starting Asynchronous operation on sound 000001875B4DD338
[LOG] SystemI::createSoundInternal             :     Create name='FModProject\scriptures\Build\Desktop/Master.bank', mode=0x02010082
[LOG] SystemI::createSoundInternal             :     exinfo->cbsize             = 224
[LOG] SystemI::createSoundInternal             :     exinfo->length             = 3633440
[LOG] SystemI::createSoundInternal             :     exinfo->fileoffset         = 19840
[LOG] SystemI::createSoundInternal             :     exinfo->numsubsounds       = 1
[LOG] SystemI::createSoundInternal             :     exinfo->inclusionlist      = 0000018622E646E0
[LOG] SystemI::createSoundInternal             :     exinfo->inclusionlistnum   = 1
[LOG] SystemI::createSoundInternal             :     exinfo->suggestedsoundtype = 5
[LOG] SystemI::createSoundInternal             :     exinfo->initialseekposition = 1558
[LOG] SystemI::createSoundInternal             :     exinfo->initialseekpostype = 1
[LOG] SystemI::createSoundInternal             :     Stream 0/1: name='Underworld Demo1', format=5, channels=2, frequency=48000, lengthbytes=737088, lengthpcm=3141819, pcmblocksize=0, loopstart=0, loopend=0, mode=0x00000000, channelmask=0x00000000, channelorder=0, peakvolume=0.152100.
[LOG] AsyncThread::threadFunc                  : Finished Asynchronous operation on sound 000001875B4DD338
[LOG] SoundI::release                          : Underworld Demo1 (0000018758A9C988)
[LOG] SoundI::release                          :     Underworld Demo1 (000001875B5C40F8)
[LOG] SoundI::release                          :     Underworld Demo1 (0000018758A97F48)
[LOG] SoundI::release                          : Theme of Persephone mix2 (0000018758A9D8B8)
[LOG] SoundI::release                          :     Theme of Persephone mix2 (000001875B5ACCD8)
[LOG] SoundI::release                          :     Theme of Persephone mix2 (0000018758A99538)
[WRN] FMOD_OS_Net_Listen                       : Cannot listen for connections, port 9264 is currently in use.
[WRN] FMOD_OS_Net_Listen                       : Cannot listen for connections, port 9264 is currently in use.
[WRN] FMOD_OS_Net_Listen                       : Cannot listen for connections, port 9264 is currently in use.
[WRN] FMOD_OS_Net_Listen                       : Cannot listen for connections, port 9264 is currently in use.
[WRN] FMOD_OS_Net_Listen                       : Cannot listen for connections, port 9264 is currently in use.
[WRN] FMOD_OS_Net_Listen                       : Cannot listen for connections, port 9264 is currently in use.
[WRN] FMOD_OS_Net_Listen                       : Cannot listen for connections, port 9264 is currently in use.
[WRN] FMOD_OS_Net_Listen                       : Cannot listen for connections, port 9264 is currently in use.
[WRN] FMOD_OS_Net_Listen                       : Cannot listen for connections, port 9264 is currently in use.
[WRN] FMOD_OS_Net_Listen                       : Cannot listen for connections, port 9264 is currently in use.
[WRN] FMOD_OS_Net_Listen                       : Cannot listen for connections, port 9264 is currently in use.
[WRN] FMOD_OS_Net_Listen                       : Cannot listen for connections, port 9264 is currently in use.
[LOG] SystemI::createSound                     : filename = FModProject\scriptures\Build\Desktop/Master.bank : mode 02010082
[LOG] SystemI::createSound                     : FMOD_NONBLOCKING specified.  Putting into queue to be opened asynchronously!
[LOG] SystemI::createSound                     : setdata soundi = 0000018682BC5458 : node = 0000018622F150A0
[LOG] SystemI::createSound                     : add node to async list : head = 000001862FD7DC08.  list count = 0
[LOG] SystemI::createSound                     : filename = FModProject\scriptures\Build\Desktop/Master.bank : mode 02010082
[LOG] SystemI::createSound                     : FMOD_NONBLOCKING specified.  Putting into queue to be opened asynchronously!
[LOG] SystemI::createSound                     : setdata soundi = 0000018682BC5CC8 : node = 0000018622F15460
[LOG] AsyncThread::threadFunc                  : Starting Asynchronous operation on sound 0000018682BC5458
[LOG] SystemI::createSound                     : add node to async list : head = 000001862FD7DC08.  list count = 0
[LOG] SystemI::createSoundInternal             :     Create name='FModProject\scriptures\Build\Desktop/Master.bank', mode=0x02010082
[LOG] SystemI::createSoundInternal             :     exinfo->cbsize             = 224
[LOG] SystemI::createSoundInternal             :     exinfo->length             = 3633440
[LOG] SystemI::createSoundInternal             :     exinfo->fileoffset         = 19840
[LOG] SystemI::createSoundInternal             :     exinfo->numsubsounds       = 1
[LOG] SystemI::createSoundInternal             :     exinfo->inclusionlist      = 0000018622F151B0
[LOG] SystemI::createSoundInternal             :     exinfo->inclusionlistnum   = 1
[LOG] SystemI::createSoundInternal             :     exinfo->suggestedsoundtype = 5
[LOG] SystemI::createSoundInternal             :     exinfo->initialseekposition = 779
[LOG] SystemI::createSoundInternal             :     exinfo->initialseekpostype = 1
[LOG] SystemI::createSoundInternal             :     Stream 0/1: name='Theme of Persephone mix2', format=5, channels=2, frequency=48000, lengthbytes=747296, lengthpcm=3029611, pcmblocksize=0, loopstart=0, loopend=0, mode=0x00000000, channelmask=0x00000000, channelorder=0, peakvolume=0.133423.
[LOG] AsyncThread::threadFunc                  : Finished Asynchronous operation on sound 0000018682BC5458
[LOG] AsyncThread::threadFunc                  : Starting Asynchronous operation on sound 0000018682BC5CC8
[LOG] SystemI::createSoundInternal             :     Create name='FModProject\scriptures\Build\Desktop/Master.bank', mode=0x02010082
[LOG] SystemI::createSoundInternal             :     exinfo->cbsize             = 224
[LOG] SystemI::createSoundInternal             :     exinfo->length             = 3633440
[LOG] SystemI::createSoundInternal             :     exinfo->fileoffset         = 19840
[LOG] SystemI::createSoundInternal             :     exinfo->numsubsounds       = 1
[LOG] SystemI::createSoundInternal             :     exinfo->inclusionlist      = 0000018622F15570
[LOG] SystemI::createSoundInternal             :     exinfo->inclusionlistnum   = 1
[LOG] SystemI::createSoundInternal             :     exinfo->suggestedsoundtype = 5
[LOG] SystemI::createSoundInternal             :     exinfo->initialseekposition = 1558
[LOG] SystemI::createSoundInternal             :     exinfo->initialseekpostype = 1
[LOG] SystemI::createSoundInternal             :     Stream 0/1: name='Underworld Demo1', format=5, channels=2, frequency=48000, lengthbytes=737088, lengthpcm=3141819, pcmblocksize=0, loopstart=0, loopend=0, mode=0x00000000, channelmask=0x00000000, channelorder=0, peakvolume=0.152100.
[LOG] AsyncThread::threadFunc                  : Finished Asynchronous operation on sound 0000018682BC5CC8
[LOG] SoundI::release                          : Underworld Demo1 (000001875B4DD338)
[LOG] SoundI::release                          :     Underworld Demo1 (000001875B589418)
[LOG] SoundI::release                          :     Underworld Demo1 (0000018683078BD8)
[LOG] SoundI::release                          : Theme of Persephone mix2 (000001875B4DC768)
[LOG] SoundI::release                          :     Theme of Persephone mix2 (000001875B58B7D8)
[LOG] SoundI::release                          :     Theme of Persephone mix2 (000001862193BEF8)
[WRN] FMOD_OS_Net_Listen                       : Cannot listen for connections, port 9264 is currently in use.
[WRN] FMOD_OS_Net_Listen                       : Cannot listen for connections, port 9264 is currently in use.
[WRN] FMOD_OS_Net_Listen                       : Cannot listen for connections, port 9264 is currently in use.
[WRN] FMOD_OS_Net_Listen                       : Cannot listen for connections, port 9264 is currently in use.
[WRN] FMOD_OS_Net_Listen                       : Cannot listen for connections, port 9264 is currently in use.
[WRN] FMOD_OS_Net_Listen                       : Cannot listen for connections, port 9264 is currently in use.
[WRN] FMOD_OS_Net_Listen                       : Cannot listen for connections, port 9264 is currently in use.
[WRN] FMOD_OS_Net_Listen                       : Cannot listen for connections, port 9264 is currently in use.
[WRN] FMOD_OS_Net_Listen                       : Cannot listen for connections, port 9264 is currently in use.
[WRN] FMOD_OS_Net_Listen                       : Cannot listen for connections, port 9264 is currently in use.
[WRN] FMOD_OS_Net_Listen                       : Cannot listen for connections, port 9264 is currently in use.
[WRN] FMOD_OS_Net_Listen                       : Cannot listen for connections, port 9264 is currently in use.
[WRN] FMOD_OS_Net_Listen                       : Cannot listen for connections, port 9264 is currently in use.
[LOG] SystemI::createSound                     : filename = FModProject\scriptures\Build\Desktop/Master.bank : mode 02010082
[LOG] SystemI::createSound                     : FMOD_NONBLOCKING specified.  Putting into queue to be opened asynchronously!
[LOG] SystemI::createSound                     : setdata soundi = 0000018682BC4528 : node = 0000018622F15820
[LOG] SystemI::createSound                     : add node to async list : head = 000001862FD7DC08.  list count = 0
[LOG] SystemI::createSound                     : filename = FModProject\scriptures\Build\Desktop/Master.bank : mode 02010082
[LOG] SystemI::createSound                     : FMOD_NONBLOCKING specified.  Putting into queue to be opened asynchronously!
[LOG] SystemI::createSound                     : setdata soundi = 0000018682BC4A38 : node = 0000018622F15960
[LOG] SystemI::createSound                     : add node to async list : head = 000001862FD7DC08.  list count = 0
[LOG] AsyncThread::threadFunc                  : Starting Asynchronous operation on sound 0000018682BC4528
[LOG] SystemI::createSoundInternal             :     Create name='FModProject\scriptures\Build\Desktop/Master.bank', mode=0x02010082
[LOG] SystemI::createSoundInternal             :     exinfo->cbsize             = 224
[LOG] SystemI::createSoundInternal             :     exinfo->length             = 3633440
[LOG] SystemI::createSoundInternal             :     exinfo->fileoffset         = 19840
[LOG] SystemI::createSoundInternal             :     exinfo->numsubsounds       = 1
[LOG] SystemI::createSoundInternal             :     exinfo->inclusionlist      = 0000018622F15930
[LOG] SystemI::createSoundInternal             :     exinfo->inclusionlistnum   = 1
[LOG] SystemI::createSoundInternal             :     exinfo->suggestedsoundtype = 5
[LOG] SystemI::createSoundInternal             :     exinfo->initialseekposition = 779
[LOG] SystemI::createSoundInternal             :     exinfo->initialseekpostype = 1
[LOG] SystemI::createSoundInternal             :     Stream 0/1: name='Theme of Persephone mix2', format=5, channels=2, frequency=48000, lengthbytes=747296, lengthpcm=3029611, pcmblocksize=0, loopstart=0, loopend=0, mode=0x00000000, channelmask=0x00000000, channelorder=0, peakvolume=0.133423.
[LOG] AsyncThread::threadFunc                  : Finished Asynchronous operation on sound 0000018682BC4528
[LOG] AsyncThread::threadFunc                  : Starting Asynchronous operation on sound 0000018682BC4A38
[LOG] SystemI::createSoundInternal             :     Create name='FModProject\scriptures\Build\Desktop/Master.bank', mode=0x02010082
[LOG] SystemI::createSoundInternal             :     exinfo->cbsize             = 224
[LOG] SystemI::createSoundInternal             :     exinfo->length             = 3633440
[LOG] SystemI::createSoundInternal             :     exinfo->fileoffset         = 19840
[LOG] SystemI::createSoundInternal             :     exinfo->numsubsounds       = 1
[LOG] SystemI::createSoundInternal             :     exinfo->inclusionlist      = 0000018622F15A70
[LOG] SystemI::createSoundInternal             :     exinfo->inclusionlistnum   = 1
[LOG] SystemI::createSoundInternal             :     exinfo->suggestedsoundtype = 5
[LOG] SystemI::createSoundInternal             :     exinfo->initialseekposition = 1558
[LOG] SystemI::createSoundInternal             :     exinfo->initialseekpostype = 1
[LOG] SystemI::createSoundInternal             :     Stream 0/1: name='Underworld Demo1', format=5, channels=2, frequency=48000, lengthbytes=737088, lengthpcm=3141819, pcmblocksize=0, loopstart=0, loopend=0, mode=0x00000000, channelmask=0x00000000, channelorder=0, peakvolume=0.152100.
[LOG] AsyncThread::threadFunc                  : Finished Asynchronous operation on sound 0000018682BC4A38
[LOG] SoundI::release                          : Underworld Demo1 (0000018682BC5CC8)
[LOG] SoundI::release                          :     Underworld Demo1 (000001875B588098)
[LOG] SoundI::release                          :     Underworld Demo1 (000001875B4DCE28)
[LOG] SoundI::release                          : Theme of Persephone mix2 (0000018682BC5458)
[LOG] SoundI::release                          :     Theme of Persephone mix2 (000001875B5888B8)
[LOG] SoundI::release                          :     Theme of Persephone mix2 (000001875B4DCC78)
[WRN] FMOD_OS_Net_Listen                       : Cannot listen for connections, port 9264 is currently in use.
[WRN] FMOD_OS_Net_Listen                       : Cannot listen for connections, port 9264 is currently in use.
[WRN] FMOD_OS_Net_Listen                       : Cannot listen for connections, port 9264 is currently in use.
[LOG] SoundI::release                          : Underworld Demo1 (0000018682BC4A38)
[LOG] SoundI::release                          :     Underworld Demo1 (000001875B589418)
[LOG] SoundI::release                          :     Underworld Demo1 (0000018683079298)
[LOG] SoundI::release                          : Theme of Persephone mix2 (0000018682BC4528)
[LOG] SoundI::release                          :     Theme of Persephone mix2 (000001875B58A2B8)
[LOG] SoundI::release                          :     Theme of Persephone mix2 (00000186830786C8)
[LOG] SoundI::release                          :  (000001877E56B738)
[LOG] SoundI::release                          :     FootstepConcrete_3 (000001875B5AFBF8)
[LOG] SoundI::release                          :  (000001877E566B08)
[LOG] SoundI::release                          :     FootstepConcrete_7 (000001875B5AF8B8)
[LOG] SoundI::release                          :  (000001877E56B178)
[LOG] SoundI::release                          :     FootstepConcrete_8 (000001875B5B2158)
[LOG] SoundI::release                          :  (000001877E5677F8)
[LOG] SoundI::release                          :     FootstepConcrete_5 (000001875B5AE1F8)
[LOG] SoundI::release                          :  (000001877E56A8D8)
[LOG] SoundI::release                          :     FootstepConcrete_2 (000001875B5AFA58)
[LOG] SoundI::release                          :  (000001877E567AD8)
[LOG] SoundI::release                          :     FootstepConcrete_1 (000001875B5AEEF8)
[LOG] SoundI::release                          :  (000001877E5694B8)
[LOG] SoundI::release                          :     FootstepConcrete_4 (000001875B5AF238)
[LOG] SoundI::release                          :  (000001877E567518)
[LOG] SoundI::release                          :     FootstepConcrete_6 (000001875B5AFD98)
[LOG] SoundI::release                          :  (000001877E56AE98)
[LOG] SoundI::release                          :     FootstepDirt_2 (000001875B5ADD18)
[LOG] SoundI::release                          :  (000001877E569348)
[LOG] SoundI::release                          :     FootstepDirt_6 (000001875B5AC318)
[LOG] SoundI::release                          :  (000001877E56A768)
[LOG] SoundI::release                          :     FootstepDirt_3 (000001875B5B0278)
[LOG] SoundI::release                          :  (000001877E56AD28)
[LOG] SoundI::release                          :     FootstepDirt_1 (000001875B5AC4B8)
[LOG] SoundI::release                          :  (000001877E5691D8)
[LOG] SoundI::release                          :     FootstepDirt_5 (000001875B5ADB78)
[LOG] SoundI::release                          :  (000001877E56A038)
[LOG] SoundI::release                          :     FootstepDirt_4 (000001875B5AC658)
[LOG] SoundI::release                          :  (000001877E567688)
[LOG] SoundI::release                          :     FootstepDirt_8 (000001875B5AD9D8)
[LOG] SoundI::release                          :  (000001877E56B2E8)
[LOG] SoundI::release                          :     FootstepDirt_9 (000001875B5B05B8)
[LOG] SoundI::release                          :  (000001877E567968)
[LOG] SoundI::release                          :     FootstepDirt_7 (000001875B5B00D8)
[LOG] Thread::callback                         : FMOD Studio update thread finished.
[LOG] Thread::callback                         : FMOD Studio bank load thread finished.
[LOG] Profile::disconnectAll                   : Profiler disconnecting all clients
[LOG] Thread::callback                         : FMOD Studio sample load thread finished.
[LOG] LiveUpdate::release                      : 
[LOG] LiveUpdate::reset                        : Reset connection (reason Disconnected)
[LOG] Thread::callback                         : FMOD stream thread finished.
[LOG] Thread::callback                         : FMOD mixer thread finished.
[LOG] Profile::disconnectAll                   : Profiler disconnecting all clients
[LOG] SystemI::close                           : Closed.
[LOG] Thread::callback                         : FMOD Studio bank load thread finished.
[LOG] Thread::callback                         : FMOD Studio sample load thread finished.
[LOG] LiveUpdate::release                      : 
[LOG] LiveUpdate::reset                        : Reset connection (reason Disconnected)
[LOG] Thread::callback                         : FMOD stream thread finished.
[LOG] Thread::callback                         : FMOD mixer thread finished.
[LOG] SystemI::close                           : Closed.
